<?xml version="1.0" encoding="UTF-8"?>
<testng-results ignored="0" total="1" passed="1" failed="0" skipped="0">
  <reporter-output>
  </reporter-output>
  <suite started-at="2022-01-10T18:45:37 EST" name="Default suite" finished-at="2022-01-10T18:45:39 EST" duration-ms="2573">
    <groups>
    </groups>
    <test started-at="2022-01-10T18:45:37 EST" name="Default test" finished-at="2022-01-10T18:45:39 EST" duration-ms="2573">
      <class name="codetestGalaxe.SwagTestClass">
        <test-method signature="Codetest()[pri:0, instance:codetestGalaxe.SwagTestClass@6c779568]" started-at="2022-01-10T18:45:37 EST" name="Codetest" finished-at="2022-01-10T18:45:39 EST" duration-ms="2552" status="PASS">
          <reporter-output>
          </reporter-output>
        </test-method> <!-- Codetest -->
      </class> <!-- codetestGalaxe.SwagTestClass -->
    </test> <!-- Default test -->
  </suite> <!-- Default suite -->
</testng-results>
