<?xml version="1.0" encoding="UTF-8"?>
<!-- Generated by org.testng.reporters.JUnitXMLReporter -->
<testsuite ignored="0" hostname="LAPTOP-LMTG16O4" failures="2" tests="3" name="Test" time="1.38" errors="0" timestamp="2022-01-10T17:29:35 EST">
  <testcase classname="codetestGalaxe.Codetest" name="openBrowser" time="1.348"/>
  <testcase classname="codetestGalaxe.Codetest" name="login" time="0.001">
    <failure type="java.lang.NullPointerException" message="Cannot invoke &amp;quot;org.openqa.selenium.WebDriver.getTitle()&amp;quot; because &amp;quot;codetestGalaxe.Codetest.driver&amp;quot; is null">
      <![CDATA[java.lang.NullPointerException: Cannot invoke "org.openqa.selenium.WebDriver.getTitle()" because "codetestGalaxe.Codetest.driver" is null
at codetestGalaxe.Codetest.login(Codetest.java:22)
at java.base/java.util.ArrayList.forEach(ArrayList.java:1511)
... Removed 27 stack frames]]>
    </failure>
  </testcase> <!-- login -->
  <testcase classname="codetestGalaxe.Codetest" name="additemstoCart" time="0.003">
    <failure type="java.lang.NullPointerException" message="Cannot invoke &amp;quot;org.openqa.selenium.WebDriver.findElement(org.openqa.selenium.By)&amp;quot; because &amp;quot;codetestGalaxe.Codetest.driver&amp;quot; is null">
      <![CDATA[java.lang.NullPointerException: Cannot invoke "org.openqa.selenium.WebDriver.findElement(org.openqa.selenium.By)" because "codetestGalaxe.Codetest.driver" is null
at codetestGalaxe.Codetest.additemstoCart(Codetest.java:45)
at java.base/java.util.ArrayList.forEach(ArrayList.java:1511)
... Removed 27 stack frames]]>
    </failure>
  </testcase> <!-- additemstoCart -->
</testsuite> <!-- Test -->
